C51 COMPILER V9.01   DELAYDRIVER                                                           07/11/2020 18:13:31 PAGE 1   


C51 COMPILER V9.01, COMPILATION OF MODULE DELAYDRIVER
OBJECT MODULE PLACED IN DelayDriver.OBJ
COMPILER INVOKED BY: C:\Keil_v4\C51\BIN\C51.EXE DelayDriver.c BROWSE DEBUG OBJECTEXTEND

line level    source

   1          /*DelayDriver.c*/
   2          
   3          #include"header.h"
   4          
   5          void delay_ms(u16 ms)           
   6          {
   7   1          int i,j;
   8   1           for(i=0;i<ms;i++)
   9   1              for(j=0;j<112;j++);
  10   1      }


MODULE INFORMATION:   STATIC OVERLAYABLE
   CODE SIZE        =     32    ----
   CONSTANT SIZE    =   ----    ----
   XDATA SIZE       =   ----    ----
   PDATA SIZE       =   ----    ----
   DATA SIZE        =   ----    ----
   IDATA SIZE       =   ----    ----
   BIT SIZE         =   ----    ----
END OF MODULE INFORMATION.


C51 COMPILATION COMPLETE.  0 WARNING(S),  0 ERROR(S)
