C51 COMPILER V9.01   LCD_DRIVER                                                            07/11/2020 18:13:31 PAGE 1   


C51 COMPILER V9.01, COMPILATION OF MODULE LCD_DRIVER
OBJECT MODULE PLACED IN LCD_Driver.OBJ
COMPILER INVOKED BY: C:\Keil_v4\C51\BIN\C51.EXE LCD_Driver.c BROWSE DEBUG OBJECTEXTEND

line level    source

   1          /*LCD_Driver.c*/
   2          
   3          #include"header.h"
   4          
   5          sbit RS = P3^4;
   6          sbit RW = P3^5;
   7          sbit EN = P3^6;
   8          #define lcd_port P2
   9          void lcd_cmd(u8 cmd)
  10          {
  11   1                      lcd_port=cmd;
  12   1                      RS=0;
  13   1                      RW=0;
  14   1                      EN=1;
  15   1                      delay_ms(2);
  16   1                      EN=0;
  17   1                      delay_ms(5);    
  18   1      }
  19          
  20          void lcd_init()
  21          {
  22   1              delay_ms(20);                                           
  23   1              lcd_cmd(0x38);                                          
  24   1              lcd_cmd(0x0C);                                                  
  25   1              lcd_cmd(0x06);                                          
  26   1              lcd_cmd(0x01);                                                  
  27   1              lcd_cmd(0x80);  
  28   1      }
  29          
  30          void lcd_char(u8 ch)
  31          {
  32   1                      lcd_port=ch;
  33   1                      RS=1;
  34   1                      RW=0;
  35   1                      EN=1;
  36   1                      delay_ms(2);
  37   1                      EN=0;
  38   1                      delay_ms(5);    
  39   1      }
  40          
  41          void lcd_int(s16 n)
  42          {
  43   1              int c=0,num=0,i;
  44   1              if(n==0)
  45   1                      lcd_char('0');
  46   1              if(n<0)
  47   1              {
  48   2                      lcd_char('-');
  49   2                      i=-n;
  50   2              }
  51   1              else
  52   1                      i=n;
  53   1              for(c=0;i;i=i/10)
  54   1              {
  55   2                       num=num*10+(i%10);
C51 COMPILER V9.01   LCD_DRIVER                                                            07/11/2020 18:13:31 PAGE 2   

  56   2                       c++;
  57   2              }
  58   1              for(i=num;i;i=i/10)
  59   1              {
  60   2                      lcd_char((i%10)+48);
  61   2                      c--;
  62   2              }
  63   1              while(c)
  64   1              {
  65   2                      c--;
  66   2                      lcd_char('0');
  67   2              }
  68   1      }
  69          
  70          void lcd_float(s32_f n)
  71          {
  72   1              int n1;
  73   1              float n2;
  74   1              n1=n;
  75   1              n2=n-n1;
  76   1              n2=n2*100;
  77   1              if(n2<0)
  78   1                      n2=-n2;
  79   1              
  80   1              lcd_int(n1);
  81   1              lcd_char('.');
  82   1              if(n2<10)
  83   1                      lcd_char('0');
  84   1              lcd_int(n2);
  85   1      }
  86          
  87          
  88          
  89          void lcd_string(char *str)
  90          {
  91   1              u8 i=0;
  92   1              while(str[i])
  93   1              {
  94   2                      lcd_char(str[i]);
  95   2                      i++;
  96   2              }
  97   1      }


MODULE INFORMATION:   STATIC OVERLAYABLE
   CODE SIZE        =    471    ----
   CONSTANT SIZE    =   ----    ----
   XDATA SIZE       =   ----    ----
   PDATA SIZE       =   ----    ----
   DATA SIZE        =   ----      22
   IDATA SIZE       =   ----    ----
   BIT SIZE         =   ----    ----
END OF MODULE INFORMATION.


C51 COMPILATION COMPLETE.  0 WARNING(S),  0 ERROR(S)
