C51 COMPILER V9.01   MCP3204DRIVER                                                         07/11/2020 18:13:31 PAGE 1   


C51 COMPILER V9.01, COMPILATION OF MODULE MCP3204DRIVER
OBJECT MODULE PLACED IN MCP3204Driver.OBJ
COMPILER INVOKED BY: C:\Keil_v4\C51\BIN\C51.EXE MCP3204Driver.c BROWSE DEBUG OBJECTEXTEND

line level    source

   1          #include"header.h"
   2          /*--FOR MCP3204 ADC--*/
   3          sbit clk=P1^0;
   4          sbit din=P1^1;
   5          sbit dout=P1^2;
   6          sbit cs=P1^3;
   7          
   8          u16 Adc_Read(u8 channel)
   9          {
  10   1              u16 temp=0x00;
  11   1              s8 i,d0,d1;
  12   1              if(channel==0)
  13   1              {
  14   2                      d0=0;d1=0;
  15   2              }
  16   1              else if(channel==1)
  17   1              {
  18   2                       d0=1;d1=0;
  19   2              }
  20   1              else if(channel==2)
  21   1              {
  22   2                       d0=0;d1=1;
  23   2              }
  24   1              else if(channel==3)
  25   1              {
  26   2                       d0=1;d1=1;
  27   2              }
  28   1              cs=0;                                   //adc start communication
  29   1              clk=0;din=1;clk=1;              //start bit
  30   1              clk=0;din=1;clk=1;              //single enabled
  31   1      
  32   1              clk=0;din=1;clk=1;                      //d2 don,t care   for that refer datasheet of MCP3204 
  33   1              clk=0;din=d1;clk=1;                     //d1    (CH0)
  34   1              clk=0;din=d0;clk=1;                     //d0     (CH0)
  35   1      
  36   1              clk=0;din=1;clk=1;              //stop sampling 
  37   1              clk=0;din=1;clk=1;               // null bit
  38   1      
  39   1              for(i=11;i>=0;i--)
  40   1              {
  41   2                      clk=0;
  42   2                      if(dout==1)
  43   2                              temp |=(1<<i);
  44   2                      clk=1;
  45   2              }
  46   1              cs=1;           //ADC stop
  47   1              return temp;
  48   1      
  49   1      }
  50          
  51                  


MODULE INFORMATION:   STATIC OVERLAYABLE
   CODE SIZE        =    131    ----
C51 COMPILER V9.01   MCP3204DRIVER                                                         07/11/2020 18:13:31 PAGE 2   

   CONSTANT SIZE    =   ----    ----
   XDATA SIZE       =   ----    ----
   PDATA SIZE       =   ----    ----
   DATA SIZE        =   ----    ----
   IDATA SIZE       =   ----    ----
   BIT SIZE         =   ----    ----
END OF MODULE INFORMATION.


C51 COMPILATION COMPLETE.  0 WARNING(S),  0 ERROR(S)
