C51 COMPILER V9.01   RTC_DRIVER                                                            07/11/2020 18:13:32 PAGE 1   


C51 COMPILER V9.01, COMPILATION OF MODULE RTC_DRIVER
OBJECT MODULE PLACED IN RTC_Driver.OBJ
COMPILER INVOKED BY: C:\Keil_v4\C51\BIN\C51.EXE RTC_Driver.c BROWSE DEBUG OBJECTEXTEND

line level    source

   1          /*RTC_Driver.c*/
   2          #include "header.h"
   3          u8 h,m,s,pm;
   4          void RTC_init()
   5          {
   6   1              /*set RTC time 11:59:50 pm*/
   7   1              i2c_Device_Write(0xD0,0x2,0x71); //set hour
   8   1              i2c_Device_Write(0xD0,0x1,0x59); //set minute
   9   1              i2c_Device_Write(0xD0,0x0,0x55); //set second  
  10   1      
  11   1      }
  12                  /*reding RTC time*/
  13          void RTC_read()
  14          {
  15   1                   h=i2c_Device_Read(0xD0,0x2); //read hour
  16   1                       m=i2c_Device_Read(0xD0,0x1); //read minute
  17   1                       s=i2c_Device_Read(0xD0,0x0); //read second
  18   1      
  19   1              /*       time[0]=h/16+48;
  20   1                       time[1]=h%16+48;
  21   1                       time[2]=':';
  22   1                   time[3]=m/16+48;
  23   1                       time[4]=m%16+48;
  24   1                       time[5]=':';
  25   1                       time[6]=s/16+48;
  26   1                       time[7]=s%16+48;
  27   1                       time[8]=' ';
  28   1                      pm=h&(1<<5);
  29   1                      if(pm)
  30   1                              time[9]='P';
  31   1                      else
  32   1                              time[9]='A';
  33   1                      time[10]='M';
  34   1                      time[11]='/0';             */
  35   1              }


MODULE INFORMATION:   STATIC OVERLAYABLE
   CODE SIZE        =     55    ----
   CONSTANT SIZE    =   ----    ----
   XDATA SIZE       =   ----    ----
   PDATA SIZE       =   ----    ----
   DATA SIZE        =      4    ----
   IDATA SIZE       =   ----    ----
   BIT SIZE         =   ----    ----
END OF MODULE INFORMATION.


C51 COMPILATION COMPLETE.  0 WARNING(S),  0 ERROR(S)
